<?xml version="1.0" encoding="UTF-8"?>
<!-- Generated by org.testng.reporters.JUnitReportReporter -->
<testsuite hostname="DESKTOP-73T17CU" failures="0" tests="1" name="dec30.PrimusBranchCreation" time="5.390" errors="0" timestamp="2023-12-31T14:28:59 IST" skipped="0">
  <testcase classname="dec30.PrimusBranchCreation" name="newBranchCreation" time="5.390"/>
  <system-out>
    <![CDATA[New Branch with id 4 created Sucessfully]]>
  </system-out>
</testsuite> <!-- dec30.PrimusBranchCreation -->
