<?xml version="1.0" encoding="UTF-8"?>
<!-- Generated by org.testng.reporters.JUnitReportReporter -->
<testsuite hostname="DESKTOP-73T17CU" failures="0" tests="1" name="jan2.PracticeExtentReports" time="0.016" errors="0" timestamp="2024-01-02T22:54:27 IST" skipped="0">
  <testcase classname="jan2.PracticeExtentReports" name="tset" time="0.016"/>
  <system-out/>
</testsuite> <!-- jan2.PracticeExtentReports -->
