<?xml version="1.0" encoding="UTF-8"?>
<!-- Generated by org.testng.reporters.JUnitReportReporter -->
<testsuite hostname="DESKTOP-73T17CU" failures="0" tests="1" name="dec23.Demo" time="0.011" errors="0" timestamp="2024-02-07T15:59:55 IST" skipped="0">
  <testcase classname="dec23.Demo" name="main" time="0.011"/>
  <system-out/>
</testsuite> <!-- dec23.Demo -->
