<?xml version="1.0" encoding="UTF-8"?>
<!-- Generated by org.testng.reporters.JUnitReportReporter -->
<testsuite hostname="DESKTOP-73T17CU" failures="0" tests="1" name="dec30.ValidatePrimusLogin" time="11.401" errors="0" timestamp="2024-01-02T16:57:22 IST" skipped="0">
  <testcase classname="dec30.ValidatePrimusLogin" name="login" time="11.401"/>
  <system-out>
    <![CDATA[Login Success]]>
  </system-out>
</testsuite> <!-- dec30.ValidatePrimusLogin -->
