<?xml version="1.0" encoding="UTF-8"?>
<!-- Generated by org.testng.reporters.JUnitReportReporter -->
<testsuite hostname="DESKTOP-73T17CU" failures="0" tests="1" name="dec28.LoginPracticeExcel" time="9.169" errors="0" timestamp="2024-01-30T12:40:35 IST" skipped="0">
  <testcase classname="dec28.LoginPracticeExcel" name="login" time="9.169"/>
  <system-out>
    <![CDATA[Login Success
Login Unsuccess
Login Unsuccess
Login Unsuccess]]>
  </system-out>
</testsuite> <!-- dec28.LoginPracticeExcel -->
