<?xml version="1.0" encoding="UTF-8"?>
<!-- Generated by org.testng.reporters.JUnitReportReporter -->
<testsuite hostname="DESKTOP-73T17CU" failures="0" tests="2" name="jan2.PracticeExtentReports1" time="45.115" errors="0" timestamp="2024-01-03T14:53:39 IST" skipped="0">
  <testcase classname="jan2.PracticeExtentReports1" name="testFail" time="36.073"/>
  <system-out/>
  <testcase classname="jan2.PracticeExtentReports1" name="testPass" time="9.042"/>
  <system-out/>
</testsuite> <!-- jan2.PracticeExtentReports1 -->
